<?xml version="1.0" encoding="UTF-8"?>
<!-- Generated by org.testng.reporters.JUnitXMLReporter -->
<testsuite ignored="0" hostname="DESKTOP-G0IBNG4" failures="0" tests="5" name="Surefire test" time="98.702" errors="0" timestamp="2024-03-18T11:11:01 IST">
  <testcase classname="orangehrmtestlogin.AllEmptyFieldsTest" name="testInvalidUsernameValidPassword" time="13.568"/>
  <testcase classname="orangehrmtestlogin.InvalidUsernameAndInvalidPasswordLoginTest" name="testInvalidUsernameAndInvalidPassword" time="21.728"/>
  <testcase classname="orangehrmtestlogin.InvalidUsernameAndValidPasswordLoginTest" name="testInvalidUsernameAndValidPassword" time="12.938"/>
  <testcase classname="orangehrmtestlogin.ValidUsernameAndInvalidPasswordLoginTest" name="testValidUsernameInvalidPassword" time="21.079"/>
  <testcase classname="orangehrmtestlogin.ValidUsernameAndValidPasswordTest" name="testValidUsernameInvalidPassword" time="20.757"/>
</testsuite> <!-- Surefire test -->
