<?xml version="1.0" encoding="UTF-8"?>
<!-- Generated by org.testng.reporters.JUnitXMLReporter -->
<testsuite ignored="0" hostname="DESKTOP-G0IBNG4" failures="0" tests="2" name="Default test" time="32.906" errors="0" timestamp="2024-03-06T12:49:37 IST">
  <testcase classname="orangehrmtestlogin.EmptyPasswordField" name="testEmptyPasswordWithCorrectUsername" time="9.604"/>
  <testcase classname="orangehrmtestlogin.EmptyPasswordField" name="testEmptyPasswordWithIncorrectUsername" time="9.727"/>
</testsuite> <!-- Default test -->
