<?xml version="1.0" encoding="UTF-8"?>
<testng-results ignored="0" total="1" passed="1" failed="0" skipped="0">
  <reporter-output>
  </reporter-output>
  <suite started-at="2024-03-15T10:34:10 IST" name="Default suite" finished-at="2024-03-15T10:34:25 IST" duration-ms="15300">
    <groups>
    </groups>
    <test started-at="2024-03-15T10:34:10 IST" name="Default test" finished-at="2024-03-15T10:34:25 IST" duration-ms="15300">
      <class name="orangehrmtestlogin.AllEmptyFieldsTest">
        <test-method is-config="true" signature="setUp()[pri:0, instance:orangehrmtestlogin.AllEmptyFieldsTest@6ae5aa72]" started-at="2024-03-15T10:34:10 IST" name="setUp" finished-at="2024-03-15T10:34:13 IST" duration-ms="2467" status="PASS">
          <reporter-output>
          </reporter-output>
        </test-method> <!-- setUp -->
        <test-method signature="testInvalidUsernameValidPassword()[pri:1, instance:orangehrmtestlogin.AllEmptyFieldsTest@6ae5aa72]" started-at="2024-03-15T10:34:13 IST" name="testInvalidUsernameValidPassword" finished-at="2024-03-15T10:34:25 IST" duration-ms="12493" status="PASS">
          <reporter-output>
          </reporter-output>
        </test-method> <!-- testInvalidUsernameValidPassword -->
        <test-method is-config="true" signature="tearDown()[pri:0, instance:orangehrmtestlogin.AllEmptyFieldsTest@6ae5aa72]" started-at="2024-03-15T10:34:25 IST" name="tearDown" finished-at="2024-03-15T10:34:25 IST" duration-ms="276" status="PASS">
          <reporter-output>
          </reporter-output>
        </test-method> <!-- tearDown -->
      </class> <!-- orangehrmtestlogin.AllEmptyFieldsTest -->
    </test> <!-- Default test -->
  </suite> <!-- Default suite -->
</testng-results>
