<?xml version="1.0" encoding="UTF-8"?>
<testng-results ignored="0" total="1" passed="1" failed="0" skipped="0">
  <reporter-output>
  </reporter-output>
  <suite started-at="2024-03-11T17:02:57 IST" name="Default suite" finished-at="2024-03-11T17:03:12 IST" duration-ms="14553">
    <groups>
    </groups>
    <test started-at="2024-03-11T17:02:57 IST" name="Default test" finished-at="2024-03-11T17:03:12 IST" duration-ms="14553">
      <class name="orangehrmtestlogin.AllEmptyFieldsTest">
        <test-method is-config="true" signature="setUp()[pri:0, instance:orangehrmtestlogin.AllEmptyFieldsTest@515aebb0]" started-at="2024-03-11T17:02:57 IST" name="setUp" finished-at="2024-03-11T17:03:02 IST" duration-ms="4926" status="PASS">
          <reporter-output>
          </reporter-output>
        </test-method> <!-- setUp -->
        <test-method signature="testInvalidUsernameValidPassword()[pri:1, instance:orangehrmtestlogin.AllEmptyFieldsTest@515aebb0]" started-at="2024-03-11T17:03:02 IST" name="testInvalidUsernameValidPassword" finished-at="2024-03-11T17:03:12 IST" duration-ms="9375" status="PASS">
          <reporter-output>
          </reporter-output>
        </test-method> <!-- testInvalidUsernameValidPassword -->
        <test-method is-config="true" signature="tearDown()[pri:0, instance:orangehrmtestlogin.AllEmptyFieldsTest@515aebb0]" started-at="2024-03-11T17:03:12 IST" name="tearDown" finished-at="2024-03-11T17:03:12 IST" duration-ms="216" status="PASS">
          <reporter-output>
          </reporter-output>
        </test-method> <!-- tearDown -->
      </class> <!-- orangehrmtestlogin.AllEmptyFieldsTest -->
    </test> <!-- Default test -->
  </suite> <!-- Default suite -->
</testng-results>
